{"C:\\Users\\4770436\\workspace\\ecommerceapp\\src\\pages\\home\\index.tsx": {"path":"C:\\Users\\4770436\\workspace\\ecommerceapp\\src\\pages\\home\\index.tsx","statementMap":{"0":{"start":{"line":4,"column":2},"end":{"line":8,"column":null}},"1":{"start":{"line":11,"column":0},"end":{"line":11,"column":null}}},"fnMap":{"0":{"name":"HomePage","decl":{"start":{"line":3,"column":9},"end":{"line":3,"column":17}},"loc":{"start":{"line":3,"column":17},"end":{"line":9,"column":1}}}},"branchMap":{},"s":{"0":1,"1":1},"f":{"0":1},"b":{}}
}
